Playing MPEG stream from "../../../Data/mp3/Demonstration ready mode.mp3" ...
Mode button pressed.. 
Playing MPEG stream from "../../../Data/mp3/Autonomous soccer mode.mp3" ...
XOpenDisplay() failed
Mode button pressed.. 
Playing MPEG stream from "../../../Data/mp3/Interactive motion mode.mp3" ...
XOpenDisplay() failed
Mode button pressed.. 
Playing MPEG stream from "../../../Data/mp3/Vision processing mode.mp3" ...
XOpenDisplay() failed
Mode button pressed.. 
Playing MPEG stream from "../../../Data/mp3/Headstand.mp3" ...
XOpenDisplay() failed
Start button pressed.. & started is false.. 
Playing MPEG stream from "../../../Data/mp3/Yes.mp3" ...
XOpenDisplay() failed
Page[15] : MP3[../../../Data/mp3/Sit down.mp3] 
Playing MPEG stream from "../../../Data/mp3/Sit down.mp3" ...
XOpenDisplay() failed
Mode button pressed.. 
Playing MPEG stream from "../../../Data/mp3/Demonstration ready mode.mp3" ...
XOpenDisplay() failed
